2021-09-11 23:47:57:4757 [32minfo[39m: [32m[server]: Server is running at http://localhost:5000[39m
2021-09-11 23:51:08:518 [37mdebug[39m: [37m[37mdebug[37m[39m
2021-09-11 23:51:08:518 [32minfo[39m: [32m[server]: Server is running at http://localhost:5000[39m
2021-09-11 23:51:08:518 [32minfo[39m: [32mMongoose connection error[39m
2021-09-11 23:51:08:518 [31merror[39m: [31mThe `uri` parameter to `openUri()` must be a string, got "undefined". Make sure the first parameter to `mongoose.connect()` or `mongoose.createConnection()` is a string.[39m
2021-09-11 23:54:02:542 [37mdebug[39m: [37m[37mdebug[37m[39m
2021-09-11 23:54:02:542 [32minfo[39m: [32m[server]: Server is running at http://localhost:5000[39m
2021-09-11 23:54:02:542 [32minfo[39m: [32mMongoose connection error[39m
2021-09-11 23:54:02:542 [31merror[39m: [31mThe `uri` parameter to `openUri()` must be a string, got "undefined". Make sure the first parameter to `mongoose.connect()` or `mongoose.createConnection()` is a string.[39m
2021-09-11 23:54:17:5417 [31merror[39m: [31mstatus: 500, message: Operation `shorturls.insertOne()` buffering timed out after 10000ms[39m
2021-09-12 10:25:03:253 [37mdebug[39m: [37m[37mdebug[37m[39m
2021-09-12 10:25:03:253 [32minfo[39m: [32m[server]: Server is running at http://localhost:5000[39m
2021-09-12 10:25:03:253 [32minfo[39m: [32mMongoose connection error[39m
2021-09-12 10:25:03:253 [31merror[39m: [31mThe `uri` parameter to `openUri()` must be a string, got "undefined". Make sure the first parameter to `mongoose.connect()` or `mongoose.createConnection()` is a string.[39m
2021-09-12 10:25:35:2535 [31merror[39m: [31mstatus: 500, message: Operation `shorturls.insertOne()` buffering timed out after 10000ms[39m
2021-09-12 10:27:01:271 [37mdebug[39m: [37m[37mdebug[37m[39m
2021-09-12 10:27:01:271 [32minfo[39m: [32m[server]: Server is running at http://localhost:5000[39m
2021-09-12 10:27:01:271 [32minfo[39m: [32mMongoose connection error[39m
2021-09-12 10:27:01:271 [31merror[39m: [31mThe `uri` parameter to `openUri()` must be a string, got "undefined". Make sure the first parameter to `mongoose.connect()` or `mongoose.createConnection()` is a string.[39m
2021-09-12 10:27:23:2723 [37mdebug[39m: [37m[37mdebug[37m[39m
2021-09-12 10:27:23:2723 [32minfo[39m: [32m[server]: Server is running at http://localhost:5000[39m
2021-09-12 10:27:23:2723 [32minfo[39m: [32mMongoose connection error[39m
2021-09-12 10:27:23:2723 [31merror[39m: [31mThe `uri` parameter to `openUri()` must be a string, got "undefined". Make sure the first parameter to `mongoose.connect()` or `mongoose.createConnection()` is a string.[39m
2021-09-12 10:27:59:2759 [31merror[39m: [31mstatus: 500, message: Operation `shorturls.insertOne()` buffering timed out after 10000ms[39m
2021-09-12 10:37:29:3729 [37mdebug[39m: [37m[37mdebug[37m[39m
2021-09-12 10:37:29:3729 [32minfo[39m: [32m[server]: Server is running at http://localhost:5000[39m
2021-09-12 10:37:29:3729 [32minfo[39m: [32mMongoose connection error[39m
2021-09-12 10:37:29:3729 [31merror[39m: [31mThe `uri` parameter to `openUri()` must be a string, got "undefined". Make sure the first parameter to `mongoose.connect()` or `mongoose.createConnection()` is a string.[39m
2021-09-12 10:37:45:3745 [31merror[39m: [31mstatus: 500, message: Operation `shorturls.insertOne()` buffering timed out after 10000ms[39m
2021-09-12 10:40:19:4019 [37mdebug[39m: [37m[37mdebug[37m[39m
2021-09-12 10:40:19:4019 [32minfo[39m: [32m[server]: Server is running at http://localhost:5000[39m
2021-09-12 10:40:19:4019 [32minfo[39m: [32mMongoose connection error[39m
2021-09-12 10:40:19:4019 [31merror[39m: [31mThe `uri` parameter to `openUri()` must be a string, got "undefined". Make sure the first parameter to `mongoose.connect()` or `mongoose.createConnection()` is a string.[39m
2021-09-12 10:41:07:417 [31merror[39m: [31mstatus: 500, message: Operation `shorturls.insertOne()` buffering timed out after 10000ms[39m
2021-09-12 10:41:25:4125 [37mdebug[39m: [37m[37mdebug[37m[39m
2021-09-12 10:41:25:4125 [32minfo[39m: [32m[server]: Server is running at http://localhost:5000[39m
2021-09-12 10:41:25:4125 [32minfo[39m: [32mMongoose connection error[39m
2021-09-12 10:41:25:4125 [31merror[39m: [31mThe `uri` parameter to `openUri()` must be a string, got "undefined". Make sure the first parameter to `mongoose.connect()` or `mongoose.createConnection()` is a string.[39m
2021-09-12 10:41:43:4143 [31merror[39m: [31mstatus: 500, message: Operation `shorturls.insertOne()` buffering timed out after 10000ms[39m
2021-09-12 10:42:02:422 [37mdebug[39m: [37m[37mdebug[37m[39m
2021-09-12 10:42:02:422 [32minfo[39m: [32m[server]: Server is running at http://localhost:5000[39m
2021-09-12 10:42:02:422 [32minfo[39m: [32mMongoose connection error[39m
2021-09-12 10:42:02:422 [31merror[39m: [31mThe `uri` parameter to `openUri()` must be a string, got "undefined". Make sure the first parameter to `mongoose.connect()` or `mongoose.createConnection()` is a string.[39m
{
  message: '\u001b[37m\u001b[37mdebug\u001b[37m\u001b[39m',
  level: '\u001b[37mdebug\u001b[39m',
  timestamp: '2021-09-12 10:47:39:4739'
}
{
  message: '\u001b[32m[server]: Server is running at http://localhost:5000\u001b[39m',
  level: '\u001b[32minfo\u001b[39m',
  timestamp: '2021-09-12 10:47:39:4739'
}
{
  message: '\u001b[32mMongoose connection error\u001b[39m',
  level: '\u001b[32minfo\u001b[39m',
  timestamp: '2021-09-12 10:47:39:4739'
}
{
  level: '\u001b[31merror\u001b[39m',
  timestamp: '2021-09-12 10:47:39:4739'
}
{
  message: '\u001b[37m\u001b[37mdebug\u001b[37m\u001b[39m',
  level: '\u001b[37mdebug\u001b[39m',
  timestamp: '2021-09-12 10:48:08:488'
}
{
  message: '\u001b[32m[server]: Server is running at http://localhost:5000\u001b[39m',
  level: '\u001b[32minfo\u001b[39m',
  timestamp: '2021-09-12 10:48:09:489'
}
{
  message: '\u001b[32mMongoose connection error\u001b[39m',
  level: '\u001b[32minfo\u001b[39m',
  timestamp: '2021-09-12 10:48:09:489'
}
{
  level: '\u001b[31merror\u001b[39m',
  timestamp: '2021-09-12 10:48:09:489'
}
{
  message: '\u001b[37m\u001b[37mdebug\u001b[37m\u001b[39m',
  level: '\u001b[37mdebug\u001b[39m',
  timestamp: '2021-09-12 10:51:20:5120'
}
{
  message: '\u001b[32m[server]: Server is running at http://localhost:5000\u001b[39m',
  level: '\u001b[32minfo\u001b[39m',
  timestamp: '2021-09-12 10:51:20:5120'
}
{
  message: '\u001b[32mMongoose connection error\u001b[39m',
  level: '\u001b[32minfo\u001b[39m',
  timestamp: '2021-09-12 10:51:20:5120'
}
{
  level: '\u001b[31merror\u001b[39m',
  timestamp: '2021-09-12 10:51:20:5120'
}
{
  message: '\u001b[31mstatus: 500, message: Operation `shorturls.insertOne()` buffering timed out after 10000ms\u001b[39m',
  level: '\u001b[31merror\u001b[39m',
  timestamp: '2021-09-12 10:52:01:521'
}
{
  message: '\u001b[37m\u001b[37mdebug\u001b[37m\u001b[39m',
  level: '\u001b[37mdebug\u001b[39m',
  timestamp: '2021-09-12 12:38:06:386'
}
{
  message: '\u001b[32m[server]: Server is running at http://localhost:5000\u001b[39m',
  level: '\u001b[32minfo\u001b[39m',
  timestamp: '2021-09-12 12:38:06:386'
}
{
  message: '\u001b[32mMongoose connection error\u001b[39m',
  level: '\u001b[32minfo\u001b[39m',
  timestamp: '2021-09-12 12:38:06:386'
}
{
  level: '\u001b[31merror\u001b[39m',
  timestamp: '2021-09-12 12:38:06:386'
}
{
  message: '\u001b[37mchecked expired\u001b[39m',
  level: '\u001b[37mdebug\u001b[39m',
  timestamp: '2021-09-12 12:39:06:396'
}
{
  message: '\u001b[37mchecked expired\u001b[39m',
  level: '\u001b[37mdebug\u001b[39m',
  timestamp: '2021-09-12 12:40:06:406'
}
{
  message: '\u001b[37mchecked expired\u001b[39m',
  level: '\u001b[37mdebug\u001b[39m',
  timestamp: '2021-09-12 12:41:06:416'
}
{
  message: '\u001b[37mchecked expired\u001b[39m',
  level: '\u001b[37mdebug\u001b[39m',
  timestamp: '2021-09-12 12:42:06:426'
}
{
  message: '\u001b[37mchecked expired\u001b[39m',
  level: '\u001b[37mdebug\u001b[39m',
  timestamp: '2021-09-12 12:43:06:436'
}
{
  message: '\u001b[37mchecked expired\u001b[39m',
  level: '\u001b[37mdebug\u001b[39m',
  timestamp: '2021-09-12 12:44:06:446'
}
{
  message: '\u001b[37mchecked expired\u001b[39m',
  level: '\u001b[37mdebug\u001b[39m',
  timestamp: '2021-09-12 12:45:06:456'
}
{
  message: '\u001b[37mchecked expired\u001b[39m',
  level: '\u001b[37mdebug\u001b[39m',
  timestamp: '2021-09-12 12:46:06:466'
}
{
  message: '\u001b[37mchecked expired\u001b[39m',
  level: '\u001b[37mdebug\u001b[39m',
  timestamp: '2021-09-12 12:47:06:476'
}
{
  message: '\u001b[37mchecked expired\u001b[39m',
  level: '\u001b[37mdebug\u001b[39m',
  timestamp: '2021-09-12 12:48:06:486'
}
{
  message: '\u001b[37mchecked expired\u001b[39m',
  level: '\u001b[37mdebug\u001b[39m',
  timestamp: '2021-09-12 12:49:06:496'
}
{
  message: '\u001b[37m\u001b[37mdebug\u001b[37m\u001b[39m',
  level: '\u001b[37mdebug\u001b[39m',
  timestamp: '2021-09-12 12:49:35:4935'
}
{
  message: '\u001b[32m[server]: Server is running at http://localhost:5000\u001b[39m',
  level: '\u001b[32minfo\u001b[39m',
  timestamp: '2021-09-12 12:49:35:4935'
}
{
  message: '\u001b[32mMongoose connection error\u001b[39m',
  level: '\u001b[32minfo\u001b[39m',
  timestamp: '2021-09-12 12:49:35:4935'
}
{
  level: '\u001b[31merror\u001b[39m',
  timestamp: '2021-09-12 12:49:35:4935'
}
{
  message: undefined,
  level: 'debug',
  timestamp: '2021-09-12 12:50:29:5029'
}
{
  message: '[server]: Server is running at http://localhost:5000',
  level: 'info',
  timestamp: '2021-09-12 12:50:29:5029'
}
{
  message: 'Mongoose connection error',
  level: 'info',
  timestamp: '2021-09-12 12:50:29:5029'
}
{ level: 'error', timestamp: '2021-09-12 12:50:29:5029' }
{
  message: 'Mongoose default connection disconnected through app termination',
  level: 'info',
  timestamp: '2021-09-12 12:50:52:5052'
}
{
  message: undefined,
  level: 'debug',
  timestamp: '2021-09-12 12:51:02:512'
}
{
  message: '[server]: Server is running at http://localhost:5000',
  level: 'info',
  timestamp: '2021-09-12 12:51:02:512'
}
{
  message: 'Mongoose connection error',
  level: 'info',
  timestamp: '2021-09-12 12:51:02:512'
}
{ level: 'error', timestamp: '2021-09-12 12:51:02:512' }
{
  message: 'status: 500, message: Operation `shorturls.insertOne()` buffering timed out after 10000ms',
  level: 'error',
  timestamp: '2021-09-12 12:51:58:5158'
}
{
  message: 'checked expired',
  level: 'debug',
  timestamp: '2021-09-12 12:52:02:522'
}
{
  message: 'checked expired',
  level: 'debug',
  timestamp: '2021-09-12 12:53:02:532'
}
{
  message: 'checked expired',
  level: 'debug',
  timestamp: '2021-09-12 12:54:02:542'
}
{
  message: 'checked expired',
  level: 'debug',
  timestamp: '2021-09-12 12:55:02:552'
}
{
  message: 'checked expired',
  level: 'debug',
  timestamp: '2021-09-12 12:56:02:562'
}
{
  message: 'checked expired',
  level: 'debug',
  timestamp: '2021-09-12 12:57:02:572'
}
{
  message: 'checked expired',
  level: 'debug',
  timestamp: '2021-09-12 12:58:02:582'
}
{
  message: 'checked expired',
  level: 'debug',
  timestamp: '2021-09-12 12:59:02:592'
}
{
  message: 'checked expired',
  level: 'debug',
  timestamp: '2021-09-12 13:00:02:02'
}
{
  message: 'checked expired',
  level: 'debug',
  timestamp: '2021-09-12 13:01:02:12'
}
{
  message: 'checked expired',
  level: 'debug',
  timestamp: '2021-09-12 13:02:02:22'
}
{
  message: 'checked expired',
  level: 'debug',
  timestamp: '2021-09-12 13:03:02:32'
}
{
  message: 'checked expired',
  level: 'debug',
  timestamp: '2021-09-12 13:04:02:42'
}
{
  message: 'checked expired',
  level: 'debug',
  timestamp: '2021-09-12 13:05:02:52'
}
{
  message: 'checked expired',
  level: 'debug',
  timestamp: '2021-09-12 13:06:02:62'
}
{
  message: 'checked expired',
  level: 'debug',
  timestamp: '2021-09-12 13:07:02:72'
}
{
  message: 'checked expired',
  level: 'debug',
  timestamp: '2021-09-12 13:08:02:82'
}
{
  message: 'checked expired',
  level: 'debug',
  timestamp: '2021-09-12 13:09:02:92'
}
{
  message: 'checked expired',
  level: 'debug',
  timestamp: '2021-09-12 13:10:02:102'
}
{
  message: 'checked expired',
  level: 'debug',
  timestamp: '2021-09-12 13:11:02:112'
}
{
  message: 'checked expired',
  level: 'debug',
  timestamp: '2021-09-12 13:12:02:122'
}
{
  message: 'checked expired',
  level: 'debug',
  timestamp: '2021-09-12 13:13:02:132'
}
{
  message: 'checked expired',
  level: 'debug',
  timestamp: '2021-09-12 13:14:02:142'
}
{
  message: 'checked expired',
  level: 'debug',
  timestamp: '2021-09-12 13:15:02:152'
}
{
  message: 'checked expired',
  level: 'debug',
  timestamp: '2021-09-12 13:16:02:162'
}
{
  message: 'checked expired',
  level: 'debug',
  timestamp: '2021-09-12 13:17:02:172'
}
{
  message: 'checked expired',
  level: 'debug',
  timestamp: '2021-09-12 13:18:02:182'
}
{
  message: 'checked expired',
  level: 'debug',
  timestamp: '2021-09-12 13:19:02:192'
}
{
  message: 'checked expired',
  level: 'debug',
  timestamp: '2021-09-12 13:20:02:202'
}
{
  message: 'checked expired',
  level: 'debug',
  timestamp: '2021-09-12 13:21:02:212'
}
{
  message: 'checked expired',
  level: 'debug',
  timestamp: '2021-09-12 13:22:02:222'
}
{
  message: 'checked expired',
  level: 'debug',
  timestamp: '2021-09-12 13:23:02:232'
}
{
  message: 'checked expired',
  level: 'debug',
  timestamp: '2021-09-12 13:24:02:242'
}
{
  message: 'checked expired',
  level: 'debug',
  timestamp: '2021-09-12 13:25:02:252'
}
{
  message: 'checked expired',
  level: 'debug',
  timestamp: '2021-09-12 13:55:54:5554'
}
{
  message: 'checked expired',
  level: 'debug',
  timestamp: '2021-09-12 14:25:47:2547'
}
{
  message: 'checked expired',
  level: 'debug',
  timestamp: '2021-09-12 14:52:58:5258'
}
{
  message: 'checked expired',
  level: 'debug',
  timestamp: '2021-09-12 14:53:58:5358'
}
{
  message: '[server]: Server is running at http://localhost:5000',
  level: 'info',
  timestamp: '2021-09-12 14:57:13:5713'
}
{
  message: 'Mongoose connection error',
  level: 'info',
  timestamp: '2021-09-12 14:57:13:5713'
}
{ level: 'error', timestamp: '2021-09-12 14:57:13:5713' }
{
  message: '[server]: Server is running at http://localhost:5000',
  level: 'info',
  timestamp: '2021-09-12 14:58:48:5848'
}
{
  message: 'Mongoose connection error',
  level: 'info',
  timestamp: '2021-09-12 14:58:48:5848'
}
{ level: 'error', timestamp: '2021-09-12 14:58:48:5848' }
{
  message: '[server]: Server is running at http://localhost:5000',
  level: 'info',
  timestamp: '2021-09-12 15:09:36:936'
}
{
  message: 'Mongoose connection error',
  level: 'info',
  timestamp: '2021-09-12 15:09:36:936'
}
{ level: 'error', timestamp: '2021-09-12 15:09:36:936' }
{
  message: '[server]: Server is running at http://localhost:5000',
  level: 'info',
  timestamp: '2021-09-12 15:10:30:1030'
}
{
  message: 'Mongoose connection error: MongooseError: The `uri` parameter to `openUri()` must be a string, got "undefined". Make sure the first parameter to `mongoose.connect()` or `mongoose.createConnection()` is a string.',
  level: 'error',
  timestamp: '2021-09-12 15:10:30:1030'
}
{
  message: 'Mongoose default connection disconnected through app termination',
  level: 'info',
  timestamp: '2021-09-12 15:10:48:1048'
}
{
  message: '[server]: Server is running at http://localhost:5000',
  level: 'info',
  timestamp: '2021-09-12 15:12:54:1254'
}
{
  message: 'Mongoose default connection open to mongodb://localhost:27017',
  level: 'info',
  timestamp: '2021-09-12 15:12:54:1254'
}
{
  message: 'Mongoose connection done',
  level: 'info',
  timestamp: '2021-09-12 15:12:54:1254'
}
{
  message: 'POST /api/short 200 217 - 70.302 ms\n',
  level: 'http',
  timestamp: '2021-09-12 15:13:17:1317'
}
{
  message: 'GET /api/short/aHR0cHM6 200 79 - 15.172 ms\n',
  level: 'http',
  timestamp: '2021-09-12 15:13:21:1321'
}
{
  message: 'checked expired',
  level: 'debug',
  timestamp: '2021-09-12 15:13:54:1354'
}
