2021-09-11 23:51:08:518 [31merror[39m: [31mThe `uri` parameter to `openUri()` must be a string, got "undefined". Make sure the first parameter to `mongoose.connect()` or `mongoose.createConnection()` is a string.[39m
2021-09-11 23:54:02:542 [31merror[39m: [31mThe `uri` parameter to `openUri()` must be a string, got "undefined". Make sure the first parameter to `mongoose.connect()` or `mongoose.createConnection()` is a string.[39m
2021-09-11 23:54:17:5417 [31merror[39m: [31mstatus: 500, message: Operation `shorturls.insertOne()` buffering timed out after 10000ms[39m
2021-09-12 10:27:01:271 [31merror[39m: [31mThe `uri` parameter to `openUri()` must be a string, got "undefined". Make sure the first parameter to `mongoose.connect()` or `mongoose.createConnection()` is a string.[39m
2021-09-12 10:27:23:2723 [31merror[39m: [31mThe `uri` parameter to `openUri()` must be a string, got "undefined". Make sure the first parameter to `mongoose.connect()` or `mongoose.createConnection()` is a string.[39m
2021-09-12 10:27:59:2759 [31merror[39m: [31mstatus: 500, message: Operation `shorturls.insertOne()` buffering timed out after 10000ms[39m
2021-09-12 10:37:29:3729 [31merror[39m: [31mThe `uri` parameter to `openUri()` must be a string, got "undefined". Make sure the first parameter to `mongoose.connect()` or `mongoose.createConnection()` is a string.[39m
2021-09-12 10:37:45:3745 [31merror[39m: [31mstatus: 500, message: Operation `shorturls.insertOne()` buffering timed out after 10000ms[39m
2021-09-12 10:40:19:4019 [31merror[39m: [31mThe `uri` parameter to `openUri()` must be a string, got "undefined". Make sure the first parameter to `mongoose.connect()` or `mongoose.createConnection()` is a string.[39m
2021-09-12 10:41:07:417 [31merror[39m: [31mstatus: 500, message: Operation `shorturls.insertOne()` buffering timed out after 10000ms[39m
2021-09-12 10:41:25:4125 [31merror[39m: [31mThe `uri` parameter to `openUri()` must be a string, got "undefined". Make sure the first parameter to `mongoose.connect()` or `mongoose.createConnection()` is a string.[39m
2021-09-12 10:41:43:4143 [31merror[39m: [31mstatus: 500, message: Operation `shorturls.insertOne()` buffering timed out after 10000ms[39m
2021-09-12 10:42:02:422 [31merror[39m: [31mThe `uri` parameter to `openUri()` must be a string, got "undefined". Make sure the first parameter to `mongoose.connect()` or `mongoose.createConnection()` is a string.[39m
{
  level: '\u001b[31merror\u001b[39m',
  timestamp: '2021-09-12 10:47:39:4739'
}
{
  level: '\u001b[31merror\u001b[39m',
  timestamp: '2021-09-12 10:48:09:489'
}
{
  level: '\u001b[31merror\u001b[39m',
  timestamp: '2021-09-12 10:51:20:5120'
}
{
  message: '\u001b[31mstatus: 500, message: Operation `shorturls.insertOne()` buffering timed out after 10000ms\u001b[39m',
  level: '\u001b[31merror\u001b[39m',
  timestamp: '2021-09-12 10:52:01:521'
}
{
  level: '\u001b[31merror\u001b[39m',
  timestamp: '2021-09-12 12:38:06:386'
}
{
  level: '\u001b[31merror\u001b[39m',
  timestamp: '2021-09-12 12:49:35:4935'
}
{ level: 'error', timestamp: '2021-09-12 12:50:29:5029' }
{ level: 'error', timestamp: '2021-09-12 12:51:02:512' }
{
  message: 'status: 500, message: Operation `shorturls.insertOne()` buffering timed out after 10000ms',
  level: 'error',
  timestamp: '2021-09-12 12:51:58:5158'
}
{ level: 'error', timestamp: '2021-09-12 14:57:13:5713' }
{ level: 'error', timestamp: '2021-09-12 14:58:48:5848' }
{ level: 'error', timestamp: '2021-09-12 15:09:36:936' }
{
  message: 'Mongoose connection error: MongooseError: The `uri` parameter to `openUri()` must be a string, got "undefined". Make sure the first parameter to `mongoose.connect()` or `mongoose.createConnection()` is a string.',
  level: 'error',
  timestamp: '2021-09-12 15:10:30:1030'
}
